<html>
<head>
<title>TestNG:  D:/IdeaWorkspace/TestNGDemo/test/homework/ch11_13/StudentTest.java</title>
<link href="../testng.css" rel="stylesheet" type="text/css" />
<link href="../my-testng.css" rel="stylesheet" type="text/css" />

<style type="text/css">
.log { display: none;} 
.stack-trace { display: none;} 
</style>
<script type="text/javascript">
<!--
function flip(e) {
  current = e.style.display;
  if (current == 'block') {
    e.style.display = 'none';
    return 0;
  }
  else {
    e.style.display = 'block';
    return 1;
  }
}

function toggleBox(szDivId, elem, msg1, msg2)
{
  var res = -1;  if (document.getElementById) {
    res = flip(document.getElementById(szDivId));
  }
  else if (document.all) {
    // this is the way old msie versions work
    res = flip(document.all[szDivId]);
  }
  if(elem) {
    if(res == 0) elem.innerHTML = msg1; else elem.innerHTML = msg2;
  }

}

function toggleAllBoxes() {
  if (document.getElementsByTagName) {
    d = document.getElementsByTagName('div');
    for (i = 0; i < d.length; i++) {
      if (d[i].className == 'log') {
        flip(d[i]);
      }
    }
  }
}

// -->
</script>

</head>
<body>
<h2 align='center'>D:/IdeaWorkspace/TestNGDemo/test/homework/ch11_13/StudentTest.java</h2><table border='1' align="center">
<tr>
<td>Tests passed/Failed/Skipped:</td><td>13/2/0</td>
</tr><tr>
<td>Started on:</td><td>Tue Apr 20 20:35:50 CST 2021</td>
</tr>
<tr><td>Total time:</td><td>0 seconds (24 ms)</td>
</tr><tr>
<td>Included groups:</td><td></td>
</tr><tr>
<td>Excluded groups:</td><td></td>
</tr>
</table><p/>
<small><i>(Hover the method name to see the test class name)</i></small><p/>
<table width='100%' border='1' class='invocation-failed'>
<tr><td colspan='4' align='center'><b>FAILED TESTS</b></td></tr>
<tr><td><b>Test method</b></td>
<td width="30%"><b>Exception</b></td>
<td width="10%"><b>Time (seconds)</b></td>
<td><b>Instance</b></td>
</tr>
<tr>
<td title='homework.ch11_13.StudentTest.testTestClone()'><b>testTestClone</b><br>Test class: homework.ch11_13.StudentTest<br>Parameters: name: aaa, age: 20, studentId: 20170101, department: CS, classNo: CS1704, null</td>
<td><div><pre>java.lang.AssertionError: expected [true] but found [false]
	at org.testng.Assert.fail(Assert.java:96)
	at org.testng.Assert.failNotEquals(Assert.java:776)
	at org.testng.Assert.assertTrue(Assert.java:44)
	at org.testng.Assert.assertTrue(Assert.java:54)
	at homework.ch11_13.StudentTest.testTestClone(StudentTest.java:81)
	at java.base/jdk.internal.reflect.NativeMethodAccessorImpl.invoke0(Native Method)
	at java.base/jdk.internal.reflect.NativeMethodAccessorImpl.invoke(NativeMethodAccessorImpl.java:62)
	at java.base/jdk.internal.reflect.DelegatingMethodAccessorImpl.invoke(DelegatingMethodAccessorImpl.java:43)
	at java.base/java.lang.reflect.Method.invoke(Method.java:567)
	at org.testng.internal.MethodInvocationHelper.invokeMethod(MethodInvocationHelper.java:124)
	at org.testng.internal.Invoker.invokeMethod(Invoker.java:583)
	at org.testng.internal.Invoker.invokeTestMethod(Invoker.java:719)
	at org.testng.internal.Invoker.invokeTestMethods(Invoker.java:989)
	at org.testng.internal.TestMethodWorker.invokeTestMethods(TestMethodWorker.java:125)
	at org.testng.internal.TestMethodWorker.run(TestMethodWorker.java:109)
	at org.testng.TestRunner.privateRun(TestRunner.java:648)
	at org.testng.TestRunner.run(TestRunner.java:505)
	at org.testng.SuiteRunner.runTest(SuiteRunner.java:455)
	at org.testng.SuiteRunner.runSequentially(SuiteRunner.java:450)
	at org.testng.SuiteRunner.privateRun(SuiteRunner.java:415)
	at org.testng.SuiteRunner.run(SuiteRunner.java:364)
	at org.testng.SuiteRunnerWorker.runSuite(SuiteRunnerWorker.java:52)
	at org.testng.SuiteRunnerWorker.run(SuiteRunnerWorker.java:84)
	at org.testng.TestNG.runSuitesSequentially(TestNG.java:1208)
	at org.testng.TestNG.runSuitesSequentially(TestNG.java:1204)
	at org.testng.TestNG.runSuitesLocally(TestNG.java:1137)
	at org.testng.TestNG.runSuites(TestNG.java:1049)
	at org.testng.TestNG.run(TestNG.java:1017)
	at org.testng.TestNG.privateMain(TestNG.java:1354)
	at org.testng.TestNG.main(TestNG.java:1323)
</pre></div><a href='#' onClick='toggleBox("stack-trace513700442", this, "Click to show all stack frames", "Click to hide stack frames")'>Click to show all stack frames</a>
<div class='stack-trace' id='stack-trace513700442'><pre>java.lang.AssertionError: expected [true] but found [false]
	at org.testng.Assert.fail(Assert.java:96)
	at org.testng.Assert.failNotEquals(Assert.java:776)
	at org.testng.Assert.assertTrue(Assert.java:44)
	at org.testng.Assert.assertTrue(Assert.java:54)
	at homework.ch11_13.StudentTest.testTestClone(StudentTest.java:81)
	at java.base/jdk.internal.reflect.NativeMethodAccessorImpl.invoke0(Native Method)
	at java.base/jdk.internal.reflect.NativeMethodAccessorImpl.invoke(NativeMethodAccessorImpl.java:62)
	at java.base/jdk.internal.reflect.DelegatingMethodAccessorImpl.invoke(DelegatingMethodAccessorImpl.java:43)
	at java.base/java.lang.reflect.Method.invoke(Method.java:567)
	at org.testng.internal.MethodInvocationHelper.invokeMethod(MethodInvocationHelper.java:124)
	at org.testng.internal.Invoker.invokeMethod(Invoker.java:583)
	at org.testng.internal.Invoker.invokeTestMethod(Invoker.java:719)
	at org.testng.internal.Invoker.invokeTestMethods(Invoker.java:989)
	at org.testng.internal.TestMethodWorker.invokeTestMethods(TestMethodWorker.java:125)
	at org.testng.internal.TestMethodWorker.run(TestMethodWorker.java:109)
	at org.testng.TestRunner.privateRun(TestRunner.java:648)
	at org.testng.TestRunner.run(TestRunner.java:505)
	at org.testng.SuiteRunner.runTest(SuiteRunner.java:455)
	at org.testng.SuiteRunner.runSequentially(SuiteRunner.java:450)
	at org.testng.SuiteRunner.privateRun(SuiteRunner.java:415)
	at org.testng.SuiteRunner.run(SuiteRunner.java:364)
	at org.testng.SuiteRunnerWorker.runSuite(SuiteRunnerWorker.java:52)
	at org.testng.SuiteRunnerWorker.run(SuiteRunnerWorker.java:84)
	at org.testng.TestNG.runSuitesSequentially(TestNG.java:1208)
	at org.testng.TestNG.runSuitesSequentially(TestNG.java:1204)
	at org.testng.TestNG.runSuitesLocally(TestNG.java:1137)
	at org.testng.TestNG.runSuites(TestNG.java:1049)
	at org.testng.TestNG.run(TestNG.java:1017)
	at org.testng.TestNG.privateMain(TestNG.java:1354)
	at org.testng.TestNG.main(TestNG.java:1323)
</pre></div></td>
<td>0</td>
<td>homework.ch11_13.StudentTest@458c1321</td></tr>
<tr>
<td title='homework.ch11_13.StudentTest.testTestEquals()'><b>testTestEquals</b><br>Test class: homework.ch11_13.StudentTest<br>Parameters: [Lhomework.ch11_13.p3.Student;@473b46c3, false</td>
<td><div><pre>java.lang.NullPointerException
	at homework.ch11_13.p3.Student.equals(Student.java:55)
	at homework.ch11_13.StudentTest.testTestEquals(StudentTest.java:74)
	at java.base/jdk.internal.reflect.NativeMethodAccessorImpl.invoke0(Native Method)
	at java.base/jdk.internal.reflect.NativeMethodAccessorImpl.invoke(NativeMethodAccessorImpl.java:62)
	at java.base/jdk.internal.reflect.DelegatingMethodAccessorImpl.invoke(DelegatingMethodAccessorImpl.java:43)
	at java.base/java.lang.reflect.Method.invoke(Method.java:567)
	at org.testng.internal.MethodInvocationHelper.invokeMethod(MethodInvocationHelper.java:124)
	at org.testng.internal.Invoker.invokeMethod(Invoker.java:583)
	at org.testng.internal.Invoker.invokeTestMethod(Invoker.java:719)
	at org.testng.internal.Invoker.invokeTestMethods(Invoker.java:989)
	at org.testng.internal.TestMethodWorker.invokeTestMethods(TestMethodWorker.java:125)
	at org.testng.internal.TestMethodWorker.run(TestMethodWorker.java:109)
	at org.testng.TestRunner.privateRun(TestRunner.java:648)
	at org.testng.TestRunner.run(TestRunner.java:505)
	at org.testng.SuiteRunner.runTest(SuiteRunner.java:455)
	at org.testng.SuiteRunner.runSequentially(SuiteRunner.java:450)
	at org.testng.SuiteRunner.privateRun(SuiteRunner.java:415)
	at org.testng.SuiteRunner.run(SuiteRunner.java:364)
	at org.testng.SuiteRunnerWorker.runSuite(SuiteRunnerWorker.java:52)
	at org.testng.SuiteRunnerWorker.run(SuiteRunnerWorker.java:84)
	at org.testng.TestNG.runSuitesSequentially(TestNG.java:1208)
	at org.testng.TestNG.runSuitesSequentially(TestNG.java:1204)
	at org.testng.TestNG.runSuitesLocally(TestNG.java:1137)
	at org.testng.TestNG.runSuites(TestNG.java:1049)
	at org.testng.TestNG.run(TestNG.java:1017)
	at org.testng.TestNG.privateMain(TestNG.java:1354)
	at org.testng.TestNG.main(TestNG.java:1323)
</pre></div><a href='#' onClick='toggleBox("stack-trace1500608548", this, "Click to show all stack frames", "Click to hide stack frames")'>Click to show all stack frames</a>
<div class='stack-trace' id='stack-trace1500608548'><pre>java.lang.NullPointerException
	at homework.ch11_13.p3.Student.equals(Student.java:55)
	at homework.ch11_13.StudentTest.testTestEquals(StudentTest.java:74)
	at java.base/jdk.internal.reflect.NativeMethodAccessorImpl.invoke0(Native Method)
	at java.base/jdk.internal.reflect.NativeMethodAccessorImpl.invoke(NativeMethodAccessorImpl.java:62)
	at java.base/jdk.internal.reflect.DelegatingMethodAccessorImpl.invoke(DelegatingMethodAccessorImpl.java:43)
	at java.base/java.lang.reflect.Method.invoke(Method.java:567)
	at org.testng.internal.MethodInvocationHelper.invokeMethod(MethodInvocationHelper.java:124)
	at org.testng.internal.Invoker.invokeMethod(Invoker.java:583)
	at org.testng.internal.Invoker.invokeTestMethod(Invoker.java:719)
	at org.testng.internal.Invoker.invokeTestMethods(Invoker.java:989)
	at org.testng.internal.TestMethodWorker.invokeTestMethods(TestMethodWorker.java:125)
	at org.testng.internal.TestMethodWorker.run(TestMethodWorker.java:109)
	at org.testng.TestRunner.privateRun(TestRunner.java:648)
	at org.testng.TestRunner.run(TestRunner.java:505)
	at org.testng.SuiteRunner.runTest(SuiteRunner.java:455)
	at org.testng.SuiteRunner.runSequentially(SuiteRunner.java:450)
	at org.testng.SuiteRunner.privateRun(SuiteRunner.java:415)
	at org.testng.SuiteRunner.run(SuiteRunner.java:364)
	at org.testng.SuiteRunnerWorker.runSuite(SuiteRunnerWorker.java:52)
	at org.testng.SuiteRunnerWorker.run(SuiteRunnerWorker.java:84)
	at org.testng.TestNG.runSuitesSequentially(TestNG.java:1208)
	at org.testng.TestNG.runSuitesSequentially(TestNG.java:1204)
	at org.testng.TestNG.runSuitesLocally(TestNG.java:1137)
	at org.testng.TestNG.runSuites(TestNG.java:1049)
	at org.testng.TestNG.run(TestNG.java:1017)
	at org.testng.TestNG.privateMain(TestNG.java:1354)
	at org.testng.TestNG.main(TestNG.java:1323)
</pre></div></td>
<td>0</td>
<td>homework.ch11_13.StudentTest@458c1321</td></tr>
</table><p>
<table width='100%' border='1' class='invocation-passed'>
<tr><td colspan='4' align='center'><b>PASSED TESTS</b></td></tr>
<tr><td><b>Test method</b></td>
<td width="30%"><b>Exception</b></td>
<td width="10%"><b>Time (seconds)</b></td>
<td><b>Instance</b></td>
</tr>
<tr>
<td title='homework.ch11_13.StudentTest.testGetClassNo()'><b>testGetClassNo</b><br>Test class: homework.ch11_13.StudentTest<br>Parameters: name: aaa, age: 20, studentId: 20170101, department: CS, classNo: CS1704, CS1704</td>
<td></td>
<td>0</td>
<td>homework.ch11_13.StudentTest@458c1321</td></tr>
<tr>
<td title='homework.ch11_13.StudentTest.testGetDepartment()'><b>testGetDepartment</b><br>Test class: homework.ch11_13.StudentTest<br>Parameters: name: aaa, age: 20, studentId: 20170101, department: CS, classNo: CS1704, CS</td>
<td></td>
<td>0</td>
<td>homework.ch11_13.StudentTest@458c1321</td></tr>
<tr>
<td title='homework.ch11_13.StudentTest.testGetStudentId()'><b>testGetStudentId</b><br>Test class: homework.ch11_13.StudentTest<br>Parameters: name: aaa, age: 20, studentId: 20170101, department: CS, classNo: CS1704, 20170101</td>
<td></td>
<td>0</td>
<td>homework.ch11_13.StudentTest@458c1321</td></tr>
<tr>
<td title='homework.ch11_13.StudentTest.testSetClassNo()'><b>testSetClassNo</b><br>Test class: homework.ch11_13.StudentTest<br>Parameters: name: , age: 0, studentId: 0, department: null, classNo: null, CS1704</td>
<td></td>
<td>0</td>
<td>homework.ch11_13.StudentTest@458c1321</td></tr>
<tr>
<td title='homework.ch11_13.StudentTest.testSetDepartment()'><b>testSetDepartment</b><br>Test class: homework.ch11_13.StudentTest<br>Parameters: name: , age: 0, studentId: 0, department: null, classNo: null, EE</td>
<td></td>
<td>0</td>
<td>homework.ch11_13.StudentTest@458c1321</td></tr>
<tr>
<td title='homework.ch11_13.StudentTest.testSetStudentId()'><b>testSetStudentId</b><br>Test class: homework.ch11_13.StudentTest<br>Parameters: name: , age: 0, studentId: 0, department: null, classNo: null, 20170102</td>
<td></td>
<td>0</td>
<td>homework.ch11_13.StudentTest@458c1321</td></tr>
<tr>
<td title='homework.ch11_13.StudentTest.testTestEquals()'><b>testTestEquals</b><br>Test class: homework.ch11_13.StudentTest<br>Parameters: [Lhomework.ch11_13.p3.Student;@3c0a50da, true</td>
<td></td>
<td>0</td>
<td>homework.ch11_13.StudentTest@458c1321</td></tr>
<tr>
<td title='homework.ch11_13.StudentTest.testTestEquals()'><b>testTestEquals</b><br>Test class: homework.ch11_13.StudentTest<br>Parameters: [Lhomework.ch11_13.p3.Student;@646be2c3, false</td>
<td></td>
<td>0</td>
<td>homework.ch11_13.StudentTest@458c1321</td></tr>
<tr>
<td title='homework.ch11_13.StudentTest.testTestEquals()'><b>testTestEquals</b><br>Test class: homework.ch11_13.StudentTest<br>Parameters: [Lhomework.ch11_13.p3.Student;@797badd3, true</td>
<td></td>
<td>0</td>
<td>homework.ch11_13.StudentTest@458c1321</td></tr>
<tr>
<td title='homework.ch11_13.StudentTest.testTestEquals()'><b>testTestEquals</b><br>Test class: homework.ch11_13.StudentTest<br>Parameters: [Lhomework.ch11_13.p3.Student;@77be656f, false</td>
<td></td>
<td>0</td>
<td>homework.ch11_13.StudentTest@458c1321</td></tr>
<tr>
<td title='homework.ch11_13.StudentTest.testTestEquals()'><b>testTestEquals</b><br>Test class: homework.ch11_13.StudentTest<br>Parameters: [Lhomework.ch11_13.p3.Student;@19dc67c2, false</td>
<td></td>
<td>0</td>
<td>homework.ch11_13.StudentTest@458c1321</td></tr>
<tr>
<td title='homework.ch11_13.StudentTest.testTestEquals()'><b>testTestEquals</b><br>Test class: homework.ch11_13.StudentTest<br>Parameters: [Lhomework.ch11_13.p3.Student;@221af3c0, false</td>
<td></td>
<td>0</td>
<td>homework.ch11_13.StudentTest@458c1321</td></tr>
<tr>
<td title='homework.ch11_13.StudentTest.testTestToString()'><b>testTestToString</b><br>Test class: homework.ch11_13.StudentTest<br>Parameters: name: aaa, age: 20, studentId: 20170101, department: CS, classNo: CS1704, [Ljava.lang.Object;@62bd765</td>
<td></td>
<td>0</td>
<td>homework.ch11_13.StudentTest@458c1321</td></tr>
</table><p>
</body>
</html>